<?xml version="1.0" encoding="UTF-8"?>
<testsuite name="JUnit Jupiter" tests="1" skipped="0" failures="0" errors="0" time="0.049" hostname="computer-3" timestamp="2024-01-03T15:18:13">
<properties>
[...]
</properties>
<testcase name="testGreeting()" classname="JUnit5Example" time="0.017">
<system-out><![CDATA[
unique-id: [engine:junit-jupiter]/[class:JUnit5Example]/[method:testGreeting()]
display-name: testGreeting()
]]></system-out>
</testcase>
<system-out><![CDATA[
unique-id: [engine:junit-jupiter]
display-name: JUnit Jupiter
]]></system-out>
</testsuite>
